/Users/dato/Desktop/NoProblemIUT/telegram_homework_bot/handlers.py:706: PTBUserWarning: If 'per_message=False', 'CallbackQueryHandler' will not be tracked for every message. Read this FAQ entry to learn more about the per_* settings: https://github.com/python-telegram-bot/python-telegram-bot/wiki/Frequently-Asked-Questions#what-do-the-per_-settings-in-conversationhandler-do.
  return ConversationHandler(
2025-11-12 21:05:45,280 - __main__ - INFO - Starting bot polling...
2025-11-12 21:05:45,695 - apscheduler.scheduler - INFO - Scheduler started
2025-11-12 21:05:45,695 - telegram.ext.Application - INFO - Application started
2025-11-12 21:05:50,617 - telegram.ext.Updater - ERROR - Error while getting Updates: Conflict: terminated by other getUpdates request; make sure that only one bot instance is running
2025-11-12 21:05:50,618 - telegram.ext.Updater - ERROR - Exception happened while polling for updates.
Traceback (most recent call last):
  File "/Users/dato/Library/Python/3.9/lib/python/site-packages/telegram/ext/_updater.py", line 688, in _network_loop_retry
    if not await action_cb():
  File "/Users/dato/Library/Python/3.9/lib/python/site-packages/telegram/ext/_updater.py", line 384, in polling_action_cb
    raise exc
  File "/Users/dato/Library/Python/3.9/lib/python/site-packages/telegram/ext/_updater.py", line 373, in polling_action_cb
    updates = await self.bot.get_updates(
  File "/Users/dato/Library/Python/3.9/lib/python/site-packages/telegram/ext/_extbot.py", line 558, in get_updates
    updates = await super().get_updates(
  File "/Users/dato/Library/Python/3.9/lib/python/site-packages/telegram/_bot.py", line 525, in decorator
    result = await func(self, *args, **kwargs)  # skipcq: PYL-E1102
  File "/Users/dato/Library/Python/3.9/lib/python/site-packages/telegram/_bot.py", line 3584, in get_updates
    await self._post(
  File "/Users/dato/Library/Python/3.9/lib/python/site-packages/telegram/_bot.py", line 613, in _post
    return await self._do_post(
  File "/Users/dato/Library/Python/3.9/lib/python/site-packages/telegram/ext/_extbot.py", line 340, in _do_post
    return await super()._do_post(
  File "/Users/dato/Library/Python/3.9/lib/python/site-packages/telegram/_bot.py", line 641, in _do_post
    return await request.post(
  File "/Users/dato/Library/Python/3.9/lib/python/site-packages/telegram/request/_baserequest.py", line 200, in post
    result = await self._request_wrapper(
  File "/Users/dato/Library/Python/3.9/lib/python/site-packages/telegram/request/_baserequest.py", line 381, in _request_wrapper
    raise Conflict(message)
telegram.error.Conflict: Conflict: terminated by other getUpdates request; make sure that only one bot instance is running
2025-11-12 21:05:57,246 - telegram.ext.Updater - ERROR - Error while getting Updates: Conflict: terminated by other getUpdates request; make sure that only one bot instance is running
2025-11-12 21:05:57,246 - telegram.ext.Updater - ERROR - Exception happened while polling for updates.
Traceback (most recent call last):
  File "/Users/dato/Library/Python/3.9/lib/python/site-packages/telegram/ext/_updater.py", line 688, in _network_loop_retry
    if not await action_cb():
  File "/Users/dato/Library/Python/3.9/lib/python/site-packages/telegram/ext/_updater.py", line 384, in polling_action_cb
    raise exc
  File "/Users/dato/Library/Python/3.9/lib/python/site-packages/telegram/ext/_updater.py", line 373, in polling_action_cb
    updates = await self.bot.get_updates(
  File "/Users/dato/Library/Python/3.9/lib/python/site-packages/telegram/ext/_extbot.py", line 558, in get_updates
    updates = await super().get_updates(
  File "/Users/dato/Library/Python/3.9/lib/python/site-packages/telegram/_bot.py", line 525, in decorator
    result = await func(self, *args, **kwargs)  # skipcq: PYL-E1102
  File "/Users/dato/Library/Python/3.9/lib/python/site-packages/telegram/_bot.py", line 3584, in get_updates
    await self._post(
  File "/Users/dato/Library/Python/3.9/lib/python/site-packages/telegram/_bot.py", line 613, in _post
    return await self._do_post(
  File "/Users/dato/Library/Python/3.9/lib/python/site-packages/telegram/ext/_extbot.py", line 340, in _do_post
    return await super()._do_post(
  File "/Users/dato/Library/Python/3.9/lib/python/site-packages/telegram/_bot.py", line 641, in _do_post
    return await request.post(
  File "/Users/dato/Library/Python/3.9/lib/python/site-packages/telegram/request/_baserequest.py", line 200, in post
    result = await self._request_wrapper(
  File "/Users/dato/Library/Python/3.9/lib/python/site-packages/telegram/request/_baserequest.py", line 381, in _request_wrapper
    raise Conflict(message)
telegram.error.Conflict: Conflict: terminated by other getUpdates request; make sure that only one bot instance is running
2025-11-12 21:06:02,939 - telegram.ext.Updater - ERROR - Error while getting Updates: Conflict: terminated by other getUpdates request; make sure that only one bot instance is running
2025-11-12 21:06:02,939 - telegram.ext.Updater - ERROR - Exception happened while polling for updates.
Traceback (most recent call last):
  File "/Users/dato/Library/Python/3.9/lib/python/site-packages/telegram/ext/_updater.py", line 688, in _network_loop_retry
    if not await action_cb():
  File "/Users/dato/Library/Python/3.9/lib/python/site-packages/telegram/ext/_updater.py", line 384, in polling_action_cb
    raise exc
  File "/Users/dato/Library/Python/3.9/lib/python/site-packages/telegram/ext/_updater.py", line 373, in polling_action_cb
    updates = await self.bot.get_updates(
  File "/Users/dato/Library/Python/3.9/lib/python/site-packages/telegram/ext/_extbot.py", line 558, in get_updates
    updates = await super().get_updates(
  File "/Users/dato/Library/Python/3.9/lib/python/site-packages/telegram/_bot.py", line 525, in decorator
    result = await func(self, *args, **kwargs)  # skipcq: PYL-E1102
  File "/Users/dato/Library/Python/3.9/lib/python/site-packages/telegram/_bot.py", line 3584, in get_updates
    await self._post(
  File "/Users/dato/Library/Python/3.9/lib/python/site-packages/telegram/_bot.py", line 613, in _post
    return await self._do_post(
  File "/Users/dato/Library/Python/3.9/lib/python/site-packages/telegram/ext/_extbot.py", line 340, in _do_post
    return await super()._do_post(
  File "/Users/dato/Library/Python/3.9/lib/python/site-packages/telegram/_bot.py", line 641, in _do_post
    return await request.post(
  File "/Users/dato/Library/Python/3.9/lib/python/site-packages/telegram/request/_baserequest.py", line 200, in post
    result = await self._request_wrapper(
  File "/Users/dato/Library/Python/3.9/lib/python/site-packages/telegram/request/_baserequest.py", line 381, in _request_wrapper
    raise Conflict(message)
telegram.error.Conflict: Conflict: terminated by other getUpdates request; make sure that only one bot instance is running
2025-11-12 21:06:13,673 - telegram.ext.Updater - ERROR - Error while getting Updates: Conflict: terminated by other getUpdates request; make sure that only one bot instance is running
2025-11-12 21:06:13,674 - telegram.ext.Updater - ERROR - Exception happened while polling for updates.
Traceback (most recent call last):
  File "/Users/dato/Library/Python/3.9/lib/python/site-packages/telegram/ext/_updater.py", line 688, in _network_loop_retry
    if not await action_cb():
  File "/Users/dato/Library/Python/3.9/lib/python/site-packages/telegram/ext/_updater.py", line 384, in polling_action_cb
    raise exc
  File "/Users/dato/Library/Python/3.9/lib/python/site-packages/telegram/ext/_updater.py", line 373, in polling_action_cb
    updates = await self.bot.get_updates(
  File "/Users/dato/Library/Python/3.9/lib/python/site-packages/telegram/ext/_extbot.py", line 558, in get_updates
    updates = await super().get_updates(
  File "/Users/dato/Library/Python/3.9/lib/python/site-packages/telegram/_bot.py", line 525, in decorator
    result = await func(self, *args, **kwargs)  # skipcq: PYL-E1102
  File "/Users/dato/Library/Python/3.9/lib/python/site-packages/telegram/_bot.py", line 3584, in get_updates
    await self._post(
  File "/Users/dato/Library/Python/3.9/lib/python/site-packages/telegram/_bot.py", line 613, in _post
    return await self._do_post(
  File "/Users/dato/Library/Python/3.9/lib/python/site-packages/telegram/ext/_extbot.py", line 340, in _do_post
    return await super()._do_post(
  File "/Users/dato/Library/Python/3.9/lib/python/site-packages/telegram/_bot.py", line 641, in _do_post
    return await request.post(
  File "/Users/dato/Library/Python/3.9/lib/python/site-packages/telegram/request/_baserequest.py", line 200, in post
    result = await self._request_wrapper(
  File "/Users/dato/Library/Python/3.9/lib/python/site-packages/telegram/request/_baserequest.py", line 381, in _request_wrapper
    raise Conflict(message)
telegram.error.Conflict: Conflict: terminated by other getUpdates request; make sure that only one bot instance is running
2025-11-12 21:06:20,265 - telegram.ext.Updater - ERROR - Error while getting Updates: Conflict: terminated by other getUpdates request; make sure that only one bot instance is running
2025-11-12 21:06:20,265 - telegram.ext.Updater - ERROR - Exception happened while polling for updates.
Traceback (most recent call last):
  File "/Users/dato/Library/Python/3.9/lib/python/site-packages/telegram/ext/_updater.py", line 688, in _network_loop_retry
    if not await action_cb():
  File "/Users/dato/Library/Python/3.9/lib/python/site-packages/telegram/ext/_updater.py", line 384, in polling_action_cb
    raise exc
  File "/Users/dato/Library/Python/3.9/lib/python/site-packages/telegram/ext/_updater.py", line 373, in polling_action_cb
    updates = await self.bot.get_updates(
  File "/Users/dato/Library/Python/3.9/lib/python/site-packages/telegram/ext/_extbot.py", line 558, in get_updates
    updates = await super().get_updates(
  File "/Users/dato/Library/Python/3.9/lib/python/site-packages/telegram/_bot.py", line 525, in decorator
    result = await func(self, *args, **kwargs)  # skipcq: PYL-E1102
  File "/Users/dato/Library/Python/3.9/lib/python/site-packages/telegram/_bot.py", line 3584, in get_updates
    await self._post(
  File "/Users/dato/Library/Python/3.9/lib/python/site-packages/telegram/_bot.py", line 613, in _post
    return await self._do_post(
  File "/Users/dato/Library/Python/3.9/lib/python/site-packages/telegram/ext/_extbot.py", line 340, in _do_post
    return await super()._do_post(
  File "/Users/dato/Library/Python/3.9/lib/python/site-packages/telegram/_bot.py", line 641, in _do_post
    return await request.post(
  File "/Users/dato/Library/Python/3.9/lib/python/site-packages/telegram/request/_baserequest.py", line 200, in post
    result = await self._request_wrapper(
  File "/Users/dato/Library/Python/3.9/lib/python/site-packages/telegram/request/_baserequest.py", line 381, in _request_wrapper
    raise Conflict(message)
telegram.error.Conflict: Conflict: terminated by other getUpdates request; make sure that only one bot instance is running
2025-11-12 21:06:34,684 - telegram.ext.Updater - ERROR - Error while getting Updates: Conflict: terminated by other getUpdates request; make sure that only one bot instance is running
2025-11-12 21:06:34,684 - telegram.ext.Updater - ERROR - Exception happened while polling for updates.
Traceback (most recent call last):
  File "/Users/dato/Library/Python/3.9/lib/python/site-packages/telegram/ext/_updater.py", line 688, in _network_loop_retry
    if not await action_cb():
  File "/Users/dato/Library/Python/3.9/lib/python/site-packages/telegram/ext/_updater.py", line 384, in polling_action_cb
    raise exc
  File "/Users/dato/Library/Python/3.9/lib/python/site-packages/telegram/ext/_updater.py", line 373, in polling_action_cb
    updates = await self.bot.get_updates(
  File "/Users/dato/Library/Python/3.9/lib/python/site-packages/telegram/ext/_extbot.py", line 558, in get_updates
    updates = await super().get_updates(
  File "/Users/dato/Library/Python/3.9/lib/python/site-packages/telegram/_bot.py", line 525, in decorator
    result = await func(self, *args, **kwargs)  # skipcq: PYL-E1102
  File "/Users/dato/Library/Python/3.9/lib/python/site-packages/telegram/_bot.py", line 3584, in get_updates
    await self._post(
  File "/Users/dato/Library/Python/3.9/lib/python/site-packages/telegram/_bot.py", line 613, in _post
    return await self._do_post(
  File "/Users/dato/Library/Python/3.9/lib/python/site-packages/telegram/ext/_extbot.py", line 340, in _do_post
    return await super()._do_post(
  File "/Users/dato/Library/Python/3.9/lib/python/site-packages/telegram/_bot.py", line 641, in _do_post
    return await request.post(
  File "/Users/dato/Library/Python/3.9/lib/python/site-packages/telegram/request/_baserequest.py", line 200, in post
    result = await self._request_wrapper(
  File "/Users/dato/Library/Python/3.9/lib/python/site-packages/telegram/request/_baserequest.py", line 381, in _request_wrapper
    raise Conflict(message)
telegram.error.Conflict: Conflict: terminated by other getUpdates request; make sure that only one bot instance is running
2025-11-12 21:06:46,351 - telegram.ext.Updater - ERROR - Error while getting Updates: Conflict: terminated by other getUpdates request; make sure that only one bot instance is running
2025-11-12 21:06:46,351 - telegram.ext.Updater - ERROR - Exception happened while polling for updates.
Traceback (most recent call last):
  File "/Users/dato/Library/Python/3.9/lib/python/site-packages/telegram/ext/_updater.py", line 688, in _network_loop_retry
    if not await action_cb():
  File "/Users/dato/Library/Python/3.9/lib/python/site-packages/telegram/ext/_updater.py", line 384, in polling_action_cb
    raise exc
  File "/Users/dato/Library/Python/3.9/lib/python/site-packages/telegram/ext/_updater.py", line 373, in polling_action_cb
    updates = await self.bot.get_updates(
  File "/Users/dato/Library/Python/3.9/lib/python/site-packages/telegram/ext/_extbot.py", line 558, in get_updates
    updates = await super().get_updates(
  File "/Users/dato/Library/Python/3.9/lib/python/site-packages/telegram/_bot.py", line 525, in decorator
    result = await func(self, *args, **kwargs)  # skipcq: PYL-E1102
  File "/Users/dato/Library/Python/3.9/lib/python/site-packages/telegram/_bot.py", line 3584, in get_updates
    await self._post(
  File "/Users/dato/Library/Python/3.9/lib/python/site-packages/telegram/_bot.py", line 613, in _post
    return await self._do_post(
  File "/Users/dato/Library/Python/3.9/lib/python/site-packages/telegram/ext/_extbot.py", line 340, in _do_post
    return await super()._do_post(
  File "/Users/dato/Library/Python/3.9/lib/python/site-packages/telegram/_bot.py", line 641, in _do_post
    return await request.post(
  File "/Users/dato/Library/Python/3.9/lib/python/site-packages/telegram/request/_baserequest.py", line 200, in post
    result = await self._request_wrapper(
  File "/Users/dato/Library/Python/3.9/lib/python/site-packages/telegram/request/_baserequest.py", line 381, in _request_wrapper
    raise Conflict(message)
telegram.error.Conflict: Conflict: terminated by other getUpdates request; make sure that only one bot instance is running
2025-11-12 21:07:02,394 - telegram.ext.Updater - ERROR - Error while getting Updates: Conflict: terminated by other getUpdates request; make sure that only one bot instance is running
2025-11-12 21:07:02,395 - telegram.ext.Updater - ERROR - Exception happened while polling for updates.
Traceback (most recent call last):
  File "/Users/dato/Library/Python/3.9/lib/python/site-packages/telegram/ext/_updater.py", line 688, in _network_loop_retry
    if not await action_cb():
  File "/Users/dato/Library/Python/3.9/lib/python/site-packages/telegram/ext/_updater.py", line 384, in polling_action_cb
    raise exc
  File "/Users/dato/Library/Python/3.9/lib/python/site-packages/telegram/ext/_updater.py", line 373, in polling_action_cb
    updates = await self.bot.get_updates(
  File "/Users/dato/Library/Python/3.9/lib/python/site-packages/telegram/ext/_extbot.py", line 558, in get_updates
    updates = await super().get_updates(
  File "/Users/dato/Library/Python/3.9/lib/python/site-packages/telegram/_bot.py", line 525, in decorator
    result = await func(self, *args, **kwargs)  # skipcq: PYL-E1102
  File "/Users/dato/Library/Python/3.9/lib/python/site-packages/telegram/_bot.py", line 3584, in get_updates
    await self._post(
  File "/Users/dato/Library/Python/3.9/lib/python/site-packages/telegram/_bot.py", line 613, in _post
    return await self._do_post(
  File "/Users/dato/Library/Python/3.9/lib/python/site-packages/telegram/ext/_extbot.py", line 340, in _do_post
    return await super()._do_post(
  File "/Users/dato/Library/Python/3.9/lib/python/site-packages/telegram/_bot.py", line 641, in _do_post
    return await request.post(
  File "/Users/dato/Library/Python/3.9/lib/python/site-packages/telegram/request/_baserequest.py", line 200, in post
    result = await self._request_wrapper(
  File "/Users/dato/Library/Python/3.9/lib/python/site-packages/telegram/request/_baserequest.py", line 381, in _request_wrapper
    raise Conflict(message)
telegram.error.Conflict: Conflict: terminated by other getUpdates request; make sure that only one bot instance is running
2025-11-12 21:07:24,152 - telegram.ext.Updater - ERROR - Error while getting Updates: Conflict: terminated by other getUpdates request; make sure that only one bot instance is running
2025-11-12 21:07:24,152 - telegram.ext.Updater - ERROR - Exception happened while polling for updates.
Traceback (most recent call last):
  File "/Users/dato/Library/Python/3.9/lib/python/site-packages/telegram/ext/_updater.py", line 688, in _network_loop_retry
    if not await action_cb():
  File "/Users/dato/Library/Python/3.9/lib/python/site-packages/telegram/ext/_updater.py", line 384, in polling_action_cb
    raise exc
  File "/Users/dato/Library/Python/3.9/lib/python/site-packages/telegram/ext/_updater.py", line 373, in polling_action_cb
    updates = await self.bot.get_updates(
  File "/Users/dato/Library/Python/3.9/lib/python/site-packages/telegram/ext/_extbot.py", line 558, in get_updates
    updates = await super().get_updates(
  File "/Users/dato/Library/Python/3.9/lib/python/site-packages/telegram/_bot.py", line 525, in decorator
    result = await func(self, *args, **kwargs)  # skipcq: PYL-E1102
  File "/Users/dato/Library/Python/3.9/lib/python/site-packages/telegram/_bot.py", line 3584, in get_updates
    await self._post(
  File "/Users/dato/Library/Python/3.9/lib/python/site-packages/telegram/_bot.py", line 613, in _post
    return await self._do_post(
  File "/Users/dato/Library/Python/3.9/lib/python/site-packages/telegram/ext/_extbot.py", line 340, in _do_post
    return await super()._do_post(
  File "/Users/dato/Library/Python/3.9/lib/python/site-packages/telegram/_bot.py", line 641, in _do_post
    return await request.post(
  File "/Users/dato/Library/Python/3.9/lib/python/site-packages/telegram/request/_baserequest.py", line 200, in post
    result = await self._request_wrapper(
  File "/Users/dato/Library/Python/3.9/lib/python/site-packages/telegram/request/_baserequest.py", line 381, in _request_wrapper
    raise Conflict(message)
telegram.error.Conflict: Conflict: terminated by other getUpdates request; make sure that only one bot instance is running
2025-11-12 21:07:54,860 - telegram.ext.Updater - ERROR - Error while getting Updates: Conflict: terminated by other getUpdates request; make sure that only one bot instance is running
2025-11-12 21:07:54,860 - telegram.ext.Updater - ERROR - Exception happened while polling for updates.
Traceback (most recent call last):
  File "/Users/dato/Library/Python/3.9/lib/python/site-packages/telegram/ext/_updater.py", line 688, in _network_loop_retry
    if not await action_cb():
  File "/Users/dato/Library/Python/3.9/lib/python/site-packages/telegram/ext/_updater.py", line 384, in polling_action_cb
    raise exc
  File "/Users/dato/Library/Python/3.9/lib/python/site-packages/telegram/ext/_updater.py", line 373, in polling_action_cb
    updates = await self.bot.get_updates(
  File "/Users/dato/Library/Python/3.9/lib/python/site-packages/telegram/ext/_extbot.py", line 558, in get_updates
    updates = await super().get_updates(
  File "/Users/dato/Library/Python/3.9/lib/python/site-packages/telegram/_bot.py", line 525, in decorator
    result = await func(self, *args, **kwargs)  # skipcq: PYL-E1102
  File "/Users/dato/Library/Python/3.9/lib/python/site-packages/telegram/_bot.py", line 3584, in get_updates
    await self._post(
  File "/Users/dato/Library/Python/3.9/lib/python/site-packages/telegram/_bot.py", line 613, in _post
    return await self._do_post(
  File "/Users/dato/Library/Python/3.9/lib/python/site-packages/telegram/ext/_extbot.py", line 340, in _do_post
    return await super()._do_post(
  File "/Users/dato/Library/Python/3.9/lib/python/site-packages/telegram/_bot.py", line 641, in _do_post
    return await request.post(
  File "/Users/dato/Library/Python/3.9/lib/python/site-packages/telegram/request/_baserequest.py", line 200, in post
    result = await self._request_wrapper(
  File "/Users/dato/Library/Python/3.9/lib/python/site-packages/telegram/request/_baserequest.py", line 381, in _request_wrapper
    raise Conflict(message)
telegram.error.Conflict: Conflict: terminated by other getUpdates request; make sure that only one bot instance is running
2025-11-12 21:08:30,035 - telegram.ext.Updater - ERROR - Error while getting Updates: Conflict: terminated by other getUpdates request; make sure that only one bot instance is running
2025-11-12 21:08:30,035 - telegram.ext.Updater - ERROR - Exception happened while polling for updates.
Traceback (most recent call last):
  File "/Users/dato/Library/Python/3.9/lib/python/site-packages/telegram/ext/_updater.py", line 688, in _network_loop_retry
    if not await action_cb():
  File "/Users/dato/Library/Python/3.9/lib/python/site-packages/telegram/ext/_updater.py", line 384, in polling_action_cb
    raise exc
  File "/Users/dato/Library/Python/3.9/lib/python/site-packages/telegram/ext/_updater.py", line 373, in polling_action_cb
    updates = await self.bot.get_updates(
  File "/Users/dato/Library/Python/3.9/lib/python/site-packages/telegram/ext/_extbot.py", line 558, in get_updates
    updates = await super().get_updates(
  File "/Users/dato/Library/Python/3.9/lib/python/site-packages/telegram/_bot.py", line 525, in decorator
    result = await func(self, *args, **kwargs)  # skipcq: PYL-E1102
  File "/Users/dato/Library/Python/3.9/lib/python/site-packages/telegram/_bot.py", line 3584, in get_updates
    await self._post(
  File "/Users/dato/Library/Python/3.9/lib/python/site-packages/telegram/_bot.py", line 613, in _post
    return await self._do_post(
  File "/Users/dato/Library/Python/3.9/lib/python/site-packages/telegram/ext/_extbot.py", line 340, in _do_post
    return await super()._do_post(
  File "/Users/dato/Library/Python/3.9/lib/python/site-packages/telegram/_bot.py", line 641, in _do_post
    return await request.post(
  File "/Users/dato/Library/Python/3.9/lib/python/site-packages/telegram/request/_baserequest.py", line 200, in post
    result = await self._request_wrapper(
  File "/Users/dato/Library/Python/3.9/lib/python/site-packages/telegram/request/_baserequest.py", line 381, in _request_wrapper
    raise Conflict(message)
telegram.error.Conflict: Conflict: terminated by other getUpdates request; make sure that only one bot instance is running
2025-11-12 21:09:05,082 - telegram.ext.Updater - ERROR - Error while getting Updates: Conflict: terminated by other getUpdates request; make sure that only one bot instance is running
2025-11-12 21:09:05,083 - telegram.ext.Updater - ERROR - Exception happened while polling for updates.
Traceback (most recent call last):
  File "/Users/dato/Library/Python/3.9/lib/python/site-packages/telegram/ext/_updater.py", line 688, in _network_loop_retry
    if not await action_cb():
  File "/Users/dato/Library/Python/3.9/lib/python/site-packages/telegram/ext/_updater.py", line 384, in polling_action_cb
    raise exc
  File "/Users/dato/Library/Python/3.9/lib/python/site-packages/telegram/ext/_updater.py", line 373, in polling_action_cb
    updates = await self.bot.get_updates(
  File "/Users/dato/Library/Python/3.9/lib/python/site-packages/telegram/ext/_extbot.py", line 558, in get_updates
    updates = await super().get_updates(
  File "/Users/dato/Library/Python/3.9/lib/python/site-packages/telegram/_bot.py", line 525, in decorator
    result = await func(self, *args, **kwargs)  # skipcq: PYL-E1102
  File "/Users/dato/Library/Python/3.9/lib/python/site-packages/telegram/_bot.py", line 3584, in get_updates
    await self._post(
  File "/Users/dato/Library/Python/3.9/lib/python/site-packages/telegram/_bot.py", line 613, in _post
    return await self._do_post(
  File "/Users/dato/Library/Python/3.9/lib/python/site-packages/telegram/ext/_extbot.py", line 340, in _do_post
    return await super()._do_post(
  File "/Users/dato/Library/Python/3.9/lib/python/site-packages/telegram/_bot.py", line 641, in _do_post
    return await request.post(
  File "/Users/dato/Library/Python/3.9/lib/python/site-packages/telegram/request/_baserequest.py", line 200, in post
    result = await self._request_wrapper(
  File "/Users/dato/Library/Python/3.9/lib/python/site-packages/telegram/request/_baserequest.py", line 381, in _request_wrapper
    raise Conflict(message)
telegram.error.Conflict: Conflict: terminated by other getUpdates request; make sure that only one bot instance is running
2025-11-12 21:09:40,145 - telegram.ext.Updater - ERROR - Error while getting Updates: Conflict: terminated by other getUpdates request; make sure that only one bot instance is running
2025-11-12 21:09:40,146 - telegram.ext.Updater - ERROR - Exception happened while polling for updates.
Traceback (most recent call last):
  File "/Users/dato/Library/Python/3.9/lib/python/site-packages/telegram/ext/_updater.py", line 688, in _network_loop_retry
    if not await action_cb():
  File "/Users/dato/Library/Python/3.9/lib/python/site-packages/telegram/ext/_updater.py", line 384, in polling_action_cb
    raise exc
  File "/Users/dato/Library/Python/3.9/lib/python/site-packages/telegram/ext/_updater.py", line 373, in polling_action_cb
    updates = await self.bot.get_updates(
  File "/Users/dato/Library/Python/3.9/lib/python/site-packages/telegram/ext/_extbot.py", line 558, in get_updates
    updates = await super().get_updates(
  File "/Users/dato/Library/Python/3.9/lib/python/site-packages/telegram/_bot.py", line 525, in decorator
    result = await func(self, *args, **kwargs)  # skipcq: PYL-E1102
  File "/Users/dato/Library/Python/3.9/lib/python/site-packages/telegram/_bot.py", line 3584, in get_updates
    await self._post(
  File "/Users/dato/Library/Python/3.9/lib/python/site-packages/telegram/_bot.py", line 613, in _post
    return await self._do_post(
  File "/Users/dato/Library/Python/3.9/lib/python/site-packages/telegram/ext/_extbot.py", line 340, in _do_post
    return await super()._do_post(
  File "/Users/dato/Library/Python/3.9/lib/python/site-packages/telegram/_bot.py", line 641, in _do_post
    return await request.post(
  File "/Users/dato/Library/Python/3.9/lib/python/site-packages/telegram/request/_baserequest.py", line 200, in post
    result = await self._request_wrapper(
  File "/Users/dato/Library/Python/3.9/lib/python/site-packages/telegram/request/_baserequest.py", line 381, in _request_wrapper
    raise Conflict(message)
telegram.error.Conflict: Conflict: terminated by other getUpdates request; make sure that only one bot instance is running
2025-11-12 21:10:15,198 - telegram.ext.Updater - ERROR - Error while getting Updates: Conflict: terminated by other getUpdates request; make sure that only one bot instance is running
2025-11-12 21:10:15,198 - telegram.ext.Updater - ERROR - Exception happened while polling for updates.
Traceback (most recent call last):
  File "/Users/dato/Library/Python/3.9/lib/python/site-packages/telegram/ext/_updater.py", line 688, in _network_loop_retry
    if not await action_cb():
  File "/Users/dato/Library/Python/3.9/lib/python/site-packages/telegram/ext/_updater.py", line 384, in polling_action_cb
    raise exc
  File "/Users/dato/Library/Python/3.9/lib/python/site-packages/telegram/ext/_updater.py", line 373, in polling_action_cb
    updates = await self.bot.get_updates(
  File "/Users/dato/Library/Python/3.9/lib/python/site-packages/telegram/ext/_extbot.py", line 558, in get_updates
    updates = await super().get_updates(
  File "/Users/dato/Library/Python/3.9/lib/python/site-packages/telegram/_bot.py", line 525, in decorator
    result = await func(self, *args, **kwargs)  # skipcq: PYL-E1102
  File "/Users/dato/Library/Python/3.9/lib/python/site-packages/telegram/_bot.py", line 3584, in get_updates
    await self._post(
  File "/Users/dato/Library/Python/3.9/lib/python/site-packages/telegram/_bot.py", line 613, in _post
    return await self._do_post(
  File "/Users/dato/Library/Python/3.9/lib/python/site-packages/telegram/ext/_extbot.py", line 340, in _do_post
    return await super()._do_post(
  File "/Users/dato/Library/Python/3.9/lib/python/site-packages/telegram/_bot.py", line 641, in _do_post
    return await request.post(
  File "/Users/dato/Library/Python/3.9/lib/python/site-packages/telegram/request/_baserequest.py", line 200, in post
    result = await self._request_wrapper(
  File "/Users/dato/Library/Python/3.9/lib/python/site-packages/telegram/request/_baserequest.py", line 381, in _request_wrapper
    raise Conflict(message)
telegram.error.Conflict: Conflict: terminated by other getUpdates request; make sure that only one bot instance is running
2025-11-12 21:10:50,251 - telegram.ext.Updater - ERROR - Error while getting Updates: Conflict: terminated by other getUpdates request; make sure that only one bot instance is running
2025-11-12 21:10:50,251 - telegram.ext.Updater - ERROR - Exception happened while polling for updates.
Traceback (most recent call last):
  File "/Users/dato/Library/Python/3.9/lib/python/site-packages/telegram/ext/_updater.py", line 688, in _network_loop_retry
    if not await action_cb():
  File "/Users/dato/Library/Python/3.9/lib/python/site-packages/telegram/ext/_updater.py", line 384, in polling_action_cb
    raise exc
  File "/Users/dato/Library/Python/3.9/lib/python/site-packages/telegram/ext/_updater.py", line 373, in polling_action_cb
    updates = await self.bot.get_updates(
  File "/Users/dato/Library/Python/3.9/lib/python/site-packages/telegram/ext/_extbot.py", line 558, in get_updates
    updates = await super().get_updates(
  File "/Users/dato/Library/Python/3.9/lib/python/site-packages/telegram/_bot.py", line 525, in decorator
    result = await func(self, *args, **kwargs)  # skipcq: PYL-E1102
  File "/Users/dato/Library/Python/3.9/lib/python/site-packages/telegram/_bot.py", line 3584, in get_updates
    await self._post(
  File "/Users/dato/Library/Python/3.9/lib/python/site-packages/telegram/_bot.py", line 613, in _post
    return await self._do_post(
  File "/Users/dato/Library/Python/3.9/lib/python/site-packages/telegram/ext/_extbot.py", line 340, in _do_post
    return await super()._do_post(
  File "/Users/dato/Library/Python/3.9/lib/python/site-packages/telegram/_bot.py", line 641, in _do_post
    return await request.post(
  File "/Users/dato/Library/Python/3.9/lib/python/site-packages/telegram/request/_baserequest.py", line 200, in post
    result = await self._request_wrapper(
  File "/Users/dato/Library/Python/3.9/lib/python/site-packages/telegram/request/_baserequest.py", line 381, in _request_wrapper
    raise Conflict(message)
telegram.error.Conflict: Conflict: terminated by other getUpdates request; make sure that only one bot instance is running
2025-11-12 21:11:25,307 - telegram.ext.Updater - ERROR - Error while getting Updates: Conflict: terminated by other getUpdates request; make sure that only one bot instance is running
2025-11-12 21:11:25,307 - telegram.ext.Updater - ERROR - Exception happened while polling for updates.
Traceback (most recent call last):
  File "/Users/dato/Library/Python/3.9/lib/python/site-packages/telegram/ext/_updater.py", line 688, in _network_loop_retry
    if not await action_cb():
  File "/Users/dato/Library/Python/3.9/lib/python/site-packages/telegram/ext/_updater.py", line 384, in polling_action_cb
    raise exc
  File "/Users/dato/Library/Python/3.9/lib/python/site-packages/telegram/ext/_updater.py", line 373, in polling_action_cb
    updates = await self.bot.get_updates(
  File "/Users/dato/Library/Python/3.9/lib/python/site-packages/telegram/ext/_extbot.py", line 558, in get_updates
    updates = await super().get_updates(
  File "/Users/dato/Library/Python/3.9/lib/python/site-packages/telegram/_bot.py", line 525, in decorator
    result = await func(self, *args, **kwargs)  # skipcq: PYL-E1102
  File "/Users/dato/Library/Python/3.9/lib/python/site-packages/telegram/_bot.py", line 3584, in get_updates
    await self._post(
  File "/Users/dato/Library/Python/3.9/lib/python/site-packages/telegram/_bot.py", line 613, in _post
    return await self._do_post(
  File "/Users/dato/Library/Python/3.9/lib/python/site-packages/telegram/ext/_extbot.py", line 340, in _do_post
    return await super()._do_post(
  File "/Users/dato/Library/Python/3.9/lib/python/site-packages/telegram/_bot.py", line 641, in _do_post
    return await request.post(
  File "/Users/dato/Library/Python/3.9/lib/python/site-packages/telegram/request/_baserequest.py", line 200, in post
    result = await self._request_wrapper(
  File "/Users/dato/Library/Python/3.9/lib/python/site-packages/telegram/request/_baserequest.py", line 381, in _request_wrapper
    raise Conflict(message)
telegram.error.Conflict: Conflict: terminated by other getUpdates request; make sure that only one bot instance is running
2025-11-12 21:12:00,416 - telegram.ext.Updater - ERROR - Error while getting Updates: Conflict: terminated by other getUpdates request; make sure that only one bot instance is running
2025-11-12 21:12:00,416 - telegram.ext.Updater - ERROR - Exception happened while polling for updates.
Traceback (most recent call last):
  File "/Users/dato/Library/Python/3.9/lib/python/site-packages/telegram/ext/_updater.py", line 688, in _network_loop_retry
    if not await action_cb():
  File "/Users/dato/Library/Python/3.9/lib/python/site-packages/telegram/ext/_updater.py", line 384, in polling_action_cb
    raise exc
  File "/Users/dato/Library/Python/3.9/lib/python/site-packages/telegram/ext/_updater.py", line 373, in polling_action_cb
    updates = await self.bot.get_updates(
  File "/Users/dato/Library/Python/3.9/lib/python/site-packages/telegram/ext/_extbot.py", line 558, in get_updates
    updates = await super().get_updates(
  File "/Users/dato/Library/Python/3.9/lib/python/site-packages/telegram/_bot.py", line 525, in decorator
    result = await func(self, *args, **kwargs)  # skipcq: PYL-E1102
  File "/Users/dato/Library/Python/3.9/lib/python/site-packages/telegram/_bot.py", line 3584, in get_updates
    await self._post(
  File "/Users/dato/Library/Python/3.9/lib/python/site-packages/telegram/_bot.py", line 613, in _post
    return await self._do_post(
  File "/Users/dato/Library/Python/3.9/lib/python/site-packages/telegram/ext/_extbot.py", line 340, in _do_post
    return await super()._do_post(
  File "/Users/dato/Library/Python/3.9/lib/python/site-packages/telegram/_bot.py", line 641, in _do_post
    return await request.post(
  File "/Users/dato/Library/Python/3.9/lib/python/site-packages/telegram/request/_baserequest.py", line 200, in post
    result = await self._request_wrapper(
  File "/Users/dato/Library/Python/3.9/lib/python/site-packages/telegram/request/_baserequest.py", line 381, in _request_wrapper
    raise Conflict(message)
telegram.error.Conflict: Conflict: terminated by other getUpdates request; make sure that only one bot instance is running
2025-11-12 21:12:35,610 - telegram.ext.Updater - ERROR - Error while getting Updates: Conflict: terminated by other getUpdates request; make sure that only one bot instance is running
2025-11-12 21:12:35,611 - telegram.ext.Updater - ERROR - Exception happened while polling for updates.
Traceback (most recent call last):
  File "/Users/dato/Library/Python/3.9/lib/python/site-packages/telegram/ext/_updater.py", line 688, in _network_loop_retry
    if not await action_cb():
  File "/Users/dato/Library/Python/3.9/lib/python/site-packages/telegram/ext/_updater.py", line 384, in polling_action_cb
    raise exc
  File "/Users/dato/Library/Python/3.9/lib/python/site-packages/telegram/ext/_updater.py", line 373, in polling_action_cb
    updates = await self.bot.get_updates(
  File "/Users/dato/Library/Python/3.9/lib/python/site-packages/telegram/ext/_extbot.py", line 558, in get_updates
    updates = await super().get_updates(
  File "/Users/dato/Library/Python/3.9/lib/python/site-packages/telegram/_bot.py", line 525, in decorator
    result = await func(self, *args, **kwargs)  # skipcq: PYL-E1102
  File "/Users/dato/Library/Python/3.9/lib/python/site-packages/telegram/_bot.py", line 3584, in get_updates
    await self._post(
  File "/Users/dato/Library/Python/3.9/lib/python/site-packages/telegram/_bot.py", line 613, in _post
    return await self._do_post(
  File "/Users/dato/Library/Python/3.9/lib/python/site-packages/telegram/ext/_extbot.py", line 340, in _do_post
    return await super()._do_post(
  File "/Users/dato/Library/Python/3.9/lib/python/site-packages/telegram/_bot.py", line 641, in _do_post
    return await request.post(
  File "/Users/dato/Library/Python/3.9/lib/python/site-packages/telegram/request/_baserequest.py", line 200, in post
    result = await self._request_wrapper(
  File "/Users/dato/Library/Python/3.9/lib/python/site-packages/telegram/request/_baserequest.py", line 381, in _request_wrapper
    raise Conflict(message)
telegram.error.Conflict: Conflict: terminated by other getUpdates request; make sure that only one bot instance is running
2025-11-12 21:13:10,667 - telegram.ext.Updater - ERROR - Error while getting Updates: Conflict: terminated by other getUpdates request; make sure that only one bot instance is running
2025-11-12 21:13:10,667 - telegram.ext.Updater - ERROR - Exception happened while polling for updates.
Traceback (most recent call last):
  File "/Users/dato/Library/Python/3.9/lib/python/site-packages/telegram/ext/_updater.py", line 688, in _network_loop_retry
    if not await action_cb():
  File "/Users/dato/Library/Python/3.9/lib/python/site-packages/telegram/ext/_updater.py", line 384, in polling_action_cb
    raise exc
  File "/Users/dato/Library/Python/3.9/lib/python/site-packages/telegram/ext/_updater.py", line 373, in polling_action_cb
    updates = await self.bot.get_updates(
  File "/Users/dato/Library/Python/3.9/lib/python/site-packages/telegram/ext/_extbot.py", line 558, in get_updates
    updates = await super().get_updates(
  File "/Users/dato/Library/Python/3.9/lib/python/site-packages/telegram/_bot.py", line 525, in decorator
    result = await func(self, *args, **kwargs)  # skipcq: PYL-E1102
  File "/Users/dato/Library/Python/3.9/lib/python/site-packages/telegram/_bot.py", line 3584, in get_updates
    await self._post(
  File "/Users/dato/Library/Python/3.9/lib/python/site-packages/telegram/_bot.py", line 613, in _post
    return await self._do_post(
  File "/Users/dato/Library/Python/3.9/lib/python/site-packages/telegram/ext/_extbot.py", line 340, in _do_post
    return await super()._do_post(
  File "/Users/dato/Library/Python/3.9/lib/python/site-packages/telegram/_bot.py", line 641, in _do_post
    return await request.post(
  File "/Users/dato/Library/Python/3.9/lib/python/site-packages/telegram/request/_baserequest.py", line 200, in post
    result = await self._request_wrapper(
  File "/Users/dato/Library/Python/3.9/lib/python/site-packages/telegram/request/_baserequest.py", line 381, in _request_wrapper
    raise Conflict(message)
telegram.error.Conflict: Conflict: terminated by other getUpdates request; make sure that only one bot instance is running
2025-11-12 21:12:59,436 - telegram.ext.Updater - ERROR - Error while getting Updates: Conflict: terminated by other getUpdates request; make sure that only one bot instance is running
2025-11-12 21:12:59,436 - telegram.ext.Updater - ERROR - Exception happened while polling for updates.
Traceback (most recent call last):
  File "/Users/dato/Library/Python/3.9/lib/python/site-packages/telegram/ext/_updater.py", line 688, in _network_loop_retry
    if not await action_cb():
  File "/Users/dato/Library/Python/3.9/lib/python/site-packages/telegram/ext/_updater.py", line 384, in polling_action_cb
    raise exc
  File "/Users/dato/Library/Python/3.9/lib/python/site-packages/telegram/ext/_updater.py", line 373, in polling_action_cb
    updates = await self.bot.get_updates(
  File "/Users/dato/Library/Python/3.9/lib/python/site-packages/telegram/ext/_extbot.py", line 558, in get_updates
    updates = await super().get_updates(
  File "/Users/dato/Library/Python/3.9/lib/python/site-packages/telegram/_bot.py", line 525, in decorator
    result = await func(self, *args, **kwargs)  # skipcq: PYL-E1102
  File "/Users/dato/Library/Python/3.9/lib/python/site-packages/telegram/_bot.py", line 3584, in get_updates
    await self._post(
  File "/Users/dato/Library/Python/3.9/lib/python/site-packages/telegram/_bot.py", line 613, in _post
    return await self._do_post(
  File "/Users/dato/Library/Python/3.9/lib/python/site-packages/telegram/ext/_extbot.py", line 340, in _do_post
    return await super()._do_post(
  File "/Users/dato/Library/Python/3.9/lib/python/site-packages/telegram/_bot.py", line 641, in _do_post
    return await request.post(
  File "/Users/dato/Library/Python/3.9/lib/python/site-packages/telegram/request/_baserequest.py", line 200, in post
    result = await self._request_wrapper(
  File "/Users/dato/Library/Python/3.9/lib/python/site-packages/telegram/request/_baserequest.py", line 381, in _request_wrapper
    raise Conflict(message)
telegram.error.Conflict: Conflict: terminated by other getUpdates request; make sure that only one bot instance is running
2025-11-12 21:13:34,185 - telegram.ext.Updater - ERROR - Error while getting Updates: Conflict: terminated by other getUpdates request; make sure that only one bot instance is running
2025-11-12 21:13:34,185 - telegram.ext.Updater - ERROR - Exception happened while polling for updates.
Traceback (most recent call last):
  File "/Users/dato/Library/Python/3.9/lib/python/site-packages/telegram/ext/_updater.py", line 688, in _network_loop_retry
    if not await action_cb():
  File "/Users/dato/Library/Python/3.9/lib/python/site-packages/telegram/ext/_updater.py", line 384, in polling_action_cb
    raise exc
  File "/Users/dato/Library/Python/3.9/lib/python/site-packages/telegram/ext/_updater.py", line 373, in polling_action_cb
    updates = await self.bot.get_updates(
  File "/Users/dato/Library/Python/3.9/lib/python/site-packages/telegram/ext/_extbot.py", line 558, in get_updates
    updates = await super().get_updates(
  File "/Users/dato/Library/Python/3.9/lib/python/site-packages/telegram/_bot.py", line 525, in decorator
    result = await func(self, *args, **kwargs)  # skipcq: PYL-E1102
  File "/Users/dato/Library/Python/3.9/lib/python/site-packages/telegram/_bot.py", line 3584, in get_updates
    await self._post(
  File "/Users/dato/Library/Python/3.9/lib/python/site-packages/telegram/_bot.py", line 613, in _post
    return await self._do_post(
  File "/Users/dato/Library/Python/3.9/lib/python/site-packages/telegram/ext/_extbot.py", line 340, in _do_post
    return await super()._do_post(
  File "/Users/dato/Library/Python/3.9/lib/python/site-packages/telegram/_bot.py", line 641, in _do_post
    return await request.post(
  File "/Users/dato/Library/Python/3.9/lib/python/site-packages/telegram/request/_baserequest.py", line 200, in post
    result = await self._request_wrapper(
  File "/Users/dato/Library/Python/3.9/lib/python/site-packages/telegram/request/_baserequest.py", line 381, in _request_wrapper
    raise Conflict(message)
telegram.error.Conflict: Conflict: terminated by other getUpdates request; make sure that only one bot instance is running
r()._do_post(
  File "/Users/dato/Library/Python/3.9/lib/python/site-packages/telegram/_bot.py", line 641, in _do_post
    return await request.post(
  File "/Users/dato/Library/Python/3.9/lib/python/site-packages/telegram/request/_baserequest.py", line 200, in post
    result = await self._request_wrapper(
  File "/Users/dato/Library/Python/3.9/lib/python/site-packages/telegram/request/_baserequest.py", line 381, in _request_wrapper
    raise Conflict(message)
telegram.error.Conflict: Conflict: terminated by other getUpdates request; make sure that only one bot instance is running
2025-11-12 21:10:10,585 - telegram.ext.Updater - ERROR - Error while getting Updates: Conflict: terminated by other getUpdates request; make sure that only one bot instance is running
2025-11-12 21:10:10,586 - telegram.ext.Updater - ERROR - Exception happened while polling for updates.
Traceback (most recent call last):
  File "/Users/dato/Library/Python/3.9/lib/python/site-packages/telegram/ext/_updater.py", line 688, in _network_loop_retry
    if not await action_cb():
  File "/Users/dato/Library/Python/3.9/lib/python/site-packages/telegram/ext/_updater.py", line 384, in polling_action_cb
    raise exc
  File "/Users/dato/Library/Python/3.9/lib/python/site-packages/telegram/ext/_updater.py", line 373, in polling_action_cb
    updates = await self.bot.get_updates(
  File "/Users/dato/Library/Python/3.9/lib/python/site-packages/telegram/ext/_extbot.py", line 558, in get_updates
    updates = await super().get_updates(
  File "/Users/dato/Library/Python/3.9/lib/python/site-packages/telegram/_bot.py", line 525, in decorator
    result = await func(self, *args, **kwargs)  # skipcq: PYL-E1102
  File "/Users/dato/Library/Python/3.9/lib/python/site-packages/telegram/_bot.py", line 3584, in get_updates
    await self._post(
  File "/Users/dato/Library/Python/3.9/lib/python/site-packages/telegram/_bot.py", line 613, in _post
    return await self._do_post(
  File "/Users/dato/Library/Python/3.9/lib/python/site-packages/telegram/ext/_extbot.py", line 340, in _do_post
    return await super()._do_post(
  File "/Users/dato/Library/Python/3.9/lib/python/site-packages/telegram/_bot.py", line 641, in _do_post
    return await request.post(
  File "/Users/dato/Library/Python/3.9/lib/python/site-packages/telegram/request/_baserequest.py", line 200, in post
    result = await self._request_wrapper(
  File "/Users/dato/Library/Python/3.9/lib/python/site-packages/telegram/request/_baserequest.py", line 381, in _request_wrapper
    raise Conflict(message)
telegram.error.Conflict: Conflict: terminated by other getUpdates request; make sure that only one bot instance is running
2025-11-12 21:10:36,529 - telegram.ext.Updater - ERROR - Error while getting Updates: Conflict: terminated by other getUpdates request; make sure that only one bot instance is running
2025-11-12 21:10:36,530 - telegram.ext.Updater - ERROR - Exception happened while polling for updates.
Traceback (most recent call last):
  File "/Users/dato/Library/Python/3.9/lib/python/site-packages/telegram/ext/_updater.py", line 688, in _network_loop_retry
    if not await action_cb():
  File "/Users/dato/Library/Python/3.9/lib/python/site-packages/telegram/ext/_updater.py", line 384, in polling_action_cb
    raise exc
  File "/Users/dato/Library/Python/3.9/lib/python/site-packages/telegram/ext/_updater.py", line 373, in polling_action_cb
    updates = await self.bot.get_updates(
  File "/Users/dato/Library/Python/3.9/lib/python/site-packages/telegram/ext/_extbot.py", line 558, in get_updates
    updates = await super().get_updates(
  File "/Users/dato/Library/Python/3.9/lib/python/site-packages/telegram/_bot.py", line 525, in decorator
    result = await func(self, *args, **kwargs)  # skipcq: PYL-E1102
  File "/Users/dato/Library/Python/3.9/lib/python/site-packages/telegram/_bot.py", line 3584, in get_updates
    await self._post(
  File "/Users/dato/Library/Python/3.9/lib/python/site-packages/telegram/_bot.py", line 613, in _post
    return await self._do_post(
  File "/Users/dato/Library/Python/3.9/lib/python/site-packages/telegram/ext/_extbot.py", line 340, in _do_post
    return await super()._do_post(
  File "/Users/dato/Library/Python/3.9/lib/python/site-packages/telegram/_bot.py", line 641, in _do_post
    return await request.post(
  File "/Users/dato/Library/Python/3.9/lib/python/site-packages/telegram/request/_baserequest.py", line 200, in post
    result = await self._request_wrapper(
  File "/Users/dato/Library/Python/3.9/lib/python/site-packages/telegram/request/_baserequest.py", line 381, in _request_wrapper
    raise Conflict(message)
telegram.error.Conflict: Conflict: terminated by other getUpdates request; make sure that only one bot instance is running
2025-11-12 21:10:45,636 - telegram.ext.Updater - ERROR - Error while getting Updates: Conflict: terminated by other getUpdates request; make sure that only one bot instance is running
2025-11-12 21:10:45,637 - telegram.ext.Updater - ERROR - Exception happened while polling for updates.
Traceback (most recent call last):
  File "/Users/dato/Library/Python/3.9/lib/python/site-packages/telegram/ext/_updater.py", line 688, in _network_loop_retry
    if not await action_cb():
  File "/Users/dato/Library/Python/3.9/lib/python/site-packages/telegram/ext/_updater.py", line 384, in polling_action_cb
    raise exc
  File "/Users/dato/Library/Python/3.9/lib/python/site-packages/telegram/ext/_updater.py", line 373, in polling_action_cb
    updates = await self.bot.get_updates(
  File "/Users/dato/Library/Python/3.9/lib/python/site-packages/telegram/ext/_extbot.py", line 558, in get_updates
    updates = await super().get_updates(
  File "/Users/dato/Library/Python/3.9/lib/python/site-packages/telegram/_bot.py", line 525, in decorator
    result = await func(self, *args, **kwargs)  # skipcq: PYL-E1102
  File "/Users/dato/Library/Python/3.9/lib/python/site-packages/telegram/_bot.py", line 3584, in get_updates
    await self._post(
  File "/Users/dato/Library/Python/3.9/lib/python/site-packages/telegram/_bot.py", line 613, in _post
    return await self._do_post(
  File "/Users/dato/Library/Python/3.9/lib/python/site-packages/telegram/ext/_extbot.py", line 340, in _do_post
    return await super()._do_post(
  File "/Users/dato/Library/Python/3.9/lib/python/site-packages/telegram/_bot.py", line 641, in _do_post
    return await request.post(
  File "/Users/dato/Library/Python/3.9/lib/python/site-packages/telegram/request/_baserequest.py", line 200, in post
    result = await self._request_wrapper(
  File "/Users/dato/Library/Python/3.9/lib/python/site-packages/telegram/request/_baserequest.py", line 381, in _request_wrapper
    raise Conflict(message)
telegram.error.Conflict: Conflict: terminated by other getUpdates request; make sure that only one bot instance is running
2025-11-12 21:11:11,192 - telegram.ext.Updater - ERROR - Error while getting Updates: Conflict: terminated by other getUpdates request; make sure that only one bot instance is running
2025-11-12 21:11:11,193 - telegram.ext.Updater - ERROR - Exception happened while polling for updates.
Traceback (most recent call last):
  File "/Users/dato/Library/Python/3.9/lib/python/site-packages/telegram/ext/_updater.py", line 688, in _network_loop_retry
    if not await action_cb():
  File "/Users/dato/Library/Python/3.9/lib/python/site-packages/telegram/ext/_updater.py", line 384, in polling_action_cb
    raise exc
  File "/Users/dato/Library/Python/3.9/lib/python/site-packages/telegram/ext/_updater.py", line 373, in polling_action_cb
    updates = await self.bot.get_updates(
  File "/Users/dato/Library/Python/3.9/lib/python/site-packages/telegram/ext/_extbot.py", line 558, in get_updates
    updates = await super().get_updates(
  File "/Users/dato/Library/Python/3.9/lib/python/site-packages/telegram/_bot.py", line 525, in decorator
    result = await func(self, *args, **kwargs)  # skipcq: PYL-E1102
  File "/Users/dato/Library/Python/3.9/lib/python/site-packages/telegram/_bot.py", line 3584, in get_updates
    await self._post(
  File "/Users/dato/Library/Python/3.9/lib/python/site-packages/telegram/_bot.py", line 613, in _post
    return await self._do_post(
  File "/Users/dato/Library/Python/3.9/lib/python/site-packages/telegram/ext/_extbot.py", line 340, in _do_post
    return await super()._do_post(
  File "/Users/dato/Library/Python/3.9/lib/python/site-packages/telegram/_bot.py", line 641, in _do_post
    return await request.post(
  File "/Users/dato/Library/Python/3.9/lib/python/site-packages/telegram/request/_baserequest.py", line 200, in post
    result = await self._request_wrapper(
  File "/Users/dato/Library/Python/3.9/lib/python/site-packages/telegram/request/_baserequest.py", line 381, in _request_wrapper
    raise Conflict(message)
telegram.error.Conflict: Conflict: terminated by other getUpdates request; make sure that only one bot instance is running
2025-11-12 21:11:20,694 - telegram.ext.Updater - ERROR - Error while getting Updates: Conflict: terminated by other getUpdates request; make sure that only one bot instance is running
2025-11-12 21:11:20,695 - telegram.ext.Updater - ERROR - Exception happened while polling for updates.
Traceback (most recent call last):
  File "/Users/dato/Library/Python/3.9/lib/python/site-packages/telegram/ext/_updater.py", line 688, in _network_loop_retry
    if not await action_cb():
  File "/Users/dato/Library/Python/3.9/lib/python/site-packages/telegram/ext/_updater.py", line 384, in polling_action_cb
    raise exc
  File "/Users/dato/Library/Python/3.9/lib/python/site-packages/telegram/ext/_updater.py", line 373, in polling_action_cb
    updates = await self.bot.get_updates(
  File "/Users/dato/Library/Python/3.9/lib/python/site-packages/telegram/ext/_extbot.py", line 558, in get_updates
    updates = await super().get_updates(
  File "/Users/dato/Library/Python/3.9/lib/python/site-packages/telegram/_bot.py", line 525, in decorator
    result = await func(self, *args, **kwargs)  # skipcq: PYL-E1102
  File "/Users/dato/Library/Python/3.9/lib/python/site-packages/telegram/_bot.py", line 3584, in get_updates
    await self._post(
  File "/Users/dato/Library/Python/3.9/lib/python/site-packages/telegram/_bot.py", line 613, in _post
    return await self._do_post(
  File "/Users/dato/Library/Python/3.9/lib/python/site-packages/telegram/ext/_extbot.py", line 340, in _do_post
    return await super()._do_post(
  File "/Users/dato/Library/Python/3.9/lib/python/site-packages/telegram/_bot.py", line 641, in _do_post
    return await request.post(
  File "/Users/dato/Library/Python/3.9/lib/python/site-packages/telegram/request/_baserequest.py", line 200, in post
    result = await self._request_wrapper(
  File "/Users/dato/Library/Python/3.9/lib/python/site-packages/telegram/request/_baserequest.py", line 381, in _request_wrapper
    raise Conflict(message)
telegram.error.Conflict: Conflict: terminated by other getUpdates request; make sure that only one bot instance is running
2025-11-12 21:11:45,857 - telegram.ext.Updater - ERROR - Error while getting Updates: Conflict: terminated by other getUpdates request; make sure that only one bot instance is running
2025-11-12 21:11:45,858 - telegram.ext.Updater - ERROR - Exception happened while polling for updates.
Traceback (most recent call last):
  File "/Users/dato/Library/Python/3.9/lib/python/site-packages/telegram/ext/_updater.py", line 688, in _network_loop_retry
    if not await action_cb():
  File "/Users/dato/Library/Python/3.9/lib/python/site-packages/telegram/ext/_updater.py", line 384, in polling_action_cb
    raise exc
  File "/Users/dato/Library/Python/3.9/lib/python/site-packages/telegram/ext/_updater.py", line 373, in polling_action_cb
    updates = await self.bot.get_updates(
  File "/Users/dato/Library/Python/3.9/lib/python/site-packages/telegram/ext/_extbot.py", line 558, in get_updates
    updates = await super().get_updates(
  File "/Users/dato/Library/Python/3.9/lib/python/site-packages/telegram/_bot.py", line 525, in decorator
    result = await func(self, *args, **kwargs)  # skipcq: PYL-E1102
  File "/Users/dato/Library/Python/3.9/lib/python/site-packages/telegram/_bot.py", line 3584, in get_updates
    await self._post(
  File "/Users/dato/Library/Python/3.9/lib/python/site-packages/telegram/_bot.py", line 613, in _post
    return await self._do_post(
  File "/Users/dato/Library/Python/3.9/lib/python/site-packages/telegram/ext/_extbot.py", line 340, in _do_post
    return await super()._do_post(
  File "/Users/dato/Library/Python/3.9/lib/python/site-packages/telegram/_bot.py", line 641, in _do_post
    return await request.post(
  File "/Users/dato/Library/Python/3.9/lib/python/site-packages/telegram/request/_baserequest.py", line 200, in post
    result = await self._request_wrapper(
  File "/Users/dato/Library/Python/3.9/lib/python/site-packages/telegram/request/_baserequest.py", line 381, in _request_wrapper
    raise Conflict(message)
telegram.error.Conflict: Conflict: terminated by other getUpdates request; make sure that only one bot instance is running
2025-11-12 21:11:55,798 - telegram.ext.Updater - ERROR - Error while getting Updates: Conflict: terminated by other getUpdates request; make sure that only one bot instance is running
2025-11-12 21:11:55,798 - telegram.ext.Updater - ERROR - Exception happened while polling for updates.
Traceback (most recent call last):
  File "/Users/dato/Library/Python/3.9/lib/python/site-packages/telegram/ext/_updater.py", line 688, in _network_loop_retry
    if not await action_cb():
  File "/Users/dato/Library/Python/3.9/lib/python/site-packages/telegram/ext/_updater.py", line 384, in polling_action_cb
    raise exc
  File "/Users/dato/Library/Python/3.9/lib/python/site-packages/telegram/ext/_updater.py", line 373, in polling_action_cb
    updates = await self.bot.get_updates(
  File "/Users/dato/Library/Python/3.9/lib/python/site-packages/telegram/ext/_extbot.py", line 558, in get_updates
    updates = await super().get_updates(
  File "/Users/dato/Library/Python/3.9/lib/python/site-packages/telegram/_bot.py", line 525, in decorator
    result = await func(self, *args, **kwargs)  # skipcq: PYL-E1102
  File "/Users/dato/Library/Python/3.9/lib/python/site-packages/telegram/_bot.py", line 3584, in get_updates
    await self._post(
  File "/Users/dato/Library/Python/3.9/lib/python/site-packages/telegram/_bot.py", line 613, in _post
    return await self._do_post(
  File "/Users/dato/Library/Python/3.9/lib/python/site-packages/telegram/ext/_extbot.py", line 340, in _do_post
    return await super()._do_post(
  File "/Users/dato/Library/Python/3.9/lib/python/site-packages/telegram/_bot.py", line 641, in _do_post
    return await request.post(
  File "/Users/dato/Library/Python/3.9/lib/python/site-packages/telegram/request/_baserequest.py", line 200, in post
    result = await self._request_wrapper(
  File "/Users/dato/Library/Python/3.9/lib/python/site-packages/telegram/request/_baserequest.py", line 381, in _request_wrapper
    raise Conflict(message)
telegram.error.Conflict: Conflict: terminated by other getUpdates request; make sure that only one bot instance is running
2025-11-12 21:12:20,637 - telegram.ext.Updater - ERROR - Error while getting Updates: Conflict: terminated by other getUpdates request; make sure that only one bot instance is running
2025-11-12 21:12:20,638 - telegram.ext.Updater - ERROR - Exception happened while polling for updates.
Traceback (most recent call last):
  File "/Users/dato/Library/Python/3.9/lib/python/site-packages/telegram/ext/_updater.py", line 688, in _network_loop_retry
    if not await action_cb():
  File "/Users/dato/Library/Python/3.9/lib/python/site-packages/telegram/ext/_updater.py", line 384, in polling_action_cb
    raise exc
  File "/Users/dato/Library/Python/3.9/lib/python/site-packages/telegram/ext/_updater.py", line 373, in polling_action_cb
    updates = await self.bot.get_updates(
  File "/Users/dato/Library/Python/3.9/lib/python/site-packages/telegram/ext/_extbot.py", line 558, in get_updates
    updates = await super().get_updates(
  File "/Users/dato/Library/Python/3.9/lib/python/site-packages/telegram/_bot.py", line 525, in decorator
    result = await func(self, *args, **kwargs)  # skipcq: PYL-E1102
  File "/Users/dato/Library/Python/3.9/lib/python/site-packages/telegram/_bot.py", line 3584, in get_updates
    await self._post(
  File "/Users/dato/Library/Python/3.9/lib/python/site-packages/telegram/_bot.py", line 613, in _post
    return await self._do_post(
  File "/Users/dato/Library/Python/3.9/lib/python/site-packages/telegram/ext/_extbot.py", line 340, in _do_post
    return await super()._do_post(
  File "/Users/dato/Library/Python/3.9/lib/python/site-packages/telegram/_bot.py", line 641, in _do_post
    return await request.post(
  File "/Users/dato/Library/Python/3.9/lib/python/site-packages/telegram/request/_baserequest.py", line 200, in post
    result = await self._request_wrapper(
  File "/Users/dato/Library/Python/3.9/lib/python/site-packages/telegram/request/_baserequest.py", line 381, in _request_wrapper
    raise Conflict(message)
telegram.error.Conflict: Conflict: terminated by other getUpdates request; make sure that only one bot instance is running
2025-11-12 21:12:30,875 - telegram.ext.Updater - ERROR - Error while getting Updates: Conflict: terminated by other getUpdates request; make sure that only one bot instance is running
2025-11-12 21:12:30,877 - telegram.ext.Updater - ERROR - Exception happened while polling for updates.
Traceback (most recent call last):
  File "/Users/dato/Library/Python/3.9/lib/python/site-packages/telegram/ext/_updater.py", line 688, in _network_loop_retry
    if not await action_cb():
  File "/Users/dato/Library/Python/3.9/lib/python/site-packages/telegram/ext/_updater.py", line 384, in polling_action_cb
    raise exc
  File "/Users/dato/Library/Python/3.9/lib/python/site-packages/telegram/ext/_updater.py", line 373, in polling_action_cb
    updates = await self.bot.get_updates(
  File "/Users/dato/Library/Python/3.9/lib/python/site-packages/telegram/ext/_extbot.py", line 558, in get_updates
    updates = await super().get_updates(
  File "/Users/dato/Library/Python/3.9/lib/python/site-packages/telegram/_bot.py", line 525, in decorator
    result = await func(self, *args, **kwargs)  # skipcq: PYL-E1102
  File "/Users/dato/Library/Python/3.9/lib/python/site-packages/telegram/_bot.py", line 3584, in get_updates
    await self._post(
  File "/Users/dato/Library/Python/3.9/lib/python/site-packages/telegram/_bot.py", line 613, in _post
    return await self._do_post(
  File "/Users/dato/Library/Python/3.9/lib/python/site-packages/telegram/ext/_extbot.py", line 340, in _do_post
    return await super()._do_post(
  File "/Users/dato/Library/Python/3.9/lib/python/site-packages/telegram/_bot.py", line 641, in _do_post
    return await request.post(
  File "/Users/dato/Library/Python/3.9/lib/python/site-packages/telegram/request/_baserequest.py", line 200, in post
    result = await self._request_wrapper(
  File "/Users/dato/Library/Python/3.9/lib/python/site-packages/telegram/request/_baserequest.py", line 381, in _request_wrapper
    raise Conflict(message)
telegram.error.Conflict: Conflict: terminated by other getUpdates request; make sure that only one bot instance is running
2025-11-12 21:12:55,319 - telegram.ext.Updater - ERROR - Error while getting Updates: Conflict: terminated by other getUpdates request; make sure that only one bot instance is running
2025-11-12 21:12:55,319 - telegram.ext.Updater - ERROR - Exception happened while polling for updates.
Traceback (most recent call last):
  File "/Users/dato/Library/Python/3.9/lib/python/site-packages/telegram/ext/_updater.py", line 688, in _network_loop_retry
    if not await action_cb():
  File "/Users/dato/Library/Python/3.9/lib/python/site-packages/telegram/ext/_updater.py", line 384, in polling_action_cb
    raise exc
  File "/Users/dato/Library/Python/3.9/lib/python/site-packages/telegram/ext/_updater.py", line 373, in polling_action_cb
    updates = await self.bot.get_updates(
  File "/Users/dato/Library/Python/3.9/lib/python/site-packages/telegram/ext/_extbot.py", line 558, in get_updates
    updates = await super().get_updates(
  File "/Users/dato/Library/Python/3.9/lib/python/site-packages/telegram/_bot.py", line 525, in decorator
    result = await func(self, *args, **kwargs)  # skipcq: PYL-E1102
  File "/Users/dato/Library/Python/3.9/lib/python/site-packages/telegram/_bot.py", line 3584, in get_updates
    await self._post(
  File "/Users/dato/Library/Python/3.9/lib/python/site-packages/telegram/_bot.py", line 613, in _post
    return await self._do_post(
  File "/Users/dato/Library/Python/3.9/lib/python/site-packages/telegram/ext/_extbot.py", line 340, in _do_post
    return await super()._do_post(
  File "/Users/dato/Library/Python/3.9/lib/python/site-packages/telegram/_bot.py", line 641, in _do_post
    return await request.post(
  File "/Users/dato/Library/Python/3.9/lib/python/site-packages/telegram/request/_baserequest.py", line 200, in post
    result = await self._request_wrapper(
  File "/Users/dato/Library/Python/3.9/lib/python/site-packages/telegram/request/_baserequest.py", line 381, in _request_wrapper
    raise Conflict(message)
telegram.error.Conflict: Conflict: terminated by other getUpdates request; make sure that only one bot instance is running
2025-11-12 21:13:06,050 - telegram.ext.Updater - ERROR - Error while getting Updates: Conflict: terminated by other getUpdates request; make sure that only one bot instance is running
2025-11-12 21:13:06,051 - telegram.ext.Updater - ERROR - Exception happened while polling for updates.
Traceback (most recent call last):
  File "/Users/dato/Library/Python/3.9/lib/python/site-packages/telegram/ext/_updater.py", line 688, in _network_loop_retry
    if not await action_cb():
  File "/Users/dato/Library/Python/3.9/lib/python/site-packages/telegram/ext/_updater.py", line 384, in polling_action_cb
    raise exc
  File "/Users/dato/Library/Python/3.9/lib/python/site-packages/telegram/ext/_updater.py", line 373, in polling_action_cb
    updates = await self.bot.get_updates(
  File "/Users/dato/Library/Python/3.9/lib/python/site-packages/telegram/ext/_extbot.py", line 558, in get_updates
    updates = await super().get_updates(
  File "/Users/dato/Library/Python/3.9/lib/python/site-packages/telegram/_bot.py", line 525, in decorator
    result = await func(self, *args, **kwargs)  # skipcq: PYL-E1102
  File "/Users/dato/Library/Python/3.9/lib/python/site-packages/telegram/_bot.py", line 3584, in get_updates
    await self._post(
  File "/Users/dato/Library/Python/3.9/lib/python/site-packages/telegram/_bot.py", line 613, in _post
    return await self._do_post(
  File "/Users/dato/Library/Python/3.9/lib/python/site-packages/telegram/ext/_extbot.py", line 340, in _do_post
    return await super()._do_post(
  File "/Users/dato/Library/Python/3.9/lib/python/site-packages/telegram/_bot.py", line 641, in _do_post
    return await request.post(
  File "/Users/dato/Library/Python/3.9/lib/python/site-packages/telegram/request/_baserequest.py", line 200, in post
    result = await self._request_wrapper(
  File "/Users/dato/Library/Python/3.9/lib/python/site-packages/telegram/request/_baserequest.py", line 381, in _request_wrapper
    raise Conflict(message)
telegram.error.Conflict: Conflict: terminated by other getUpdates request; make sure that only one bot instance is running
2025-11-12 21:13:29,871 - telegram.ext.Updater - ERROR - Error while getting Updates: Conflict: terminated by other getUpdates request; make sure that only one bot instance is running
2025-11-12 21:13:29,871 - telegram.ext.Updater - ERROR - Exception happened while polling for updates.
Traceback (most recent call last):
  File "/Users/dato/Library/Python/3.9/lib/python/site-packages/telegram/ext/_updater.py", line 688, in _network_loop_retry
    if not await action_cb():
  File "/Users/dato/Library/Python/3.9/lib/python/site-packages/telegram/ext/_updater.py", line 384, in polling_action_cb
    raise exc
  File "/Users/dato/Library/Python/3.9/lib/python/site-packages/telegram/ext/_updater.py", line 373, in polling_action_cb
    updates = await self.bot.get_updates(
  File "/Users/dato/Library/Python/3.9/lib/python/site-packages/telegram/ext/_extbot.py", line 558, in get_updates
    updates = await super().get_updates(
  File "/Users/dato/Library/Python/3.9/lib/python/site-packages/telegram/_bot.py", line 525, in decorator
    result = await func(self, *args, **kwargs)  # skipcq: PYL-E1102
  File "/Users/dato/Library/Python/3.9/lib/python/site-packages/telegram/_bot.py", line 3584, in get_updates
    await self._post(
  File "/Users/dato/Library/Python/3.9/lib/python/site-packages/telegram/_bot.py", line 613, in _post
    return await self._do_post(
  File "/Users/dato/Library/Python/3.9/lib/python/site-packages/telegram/ext/_extbot.py", line 340, in _do_post
    return await super()._do_post(
  File "/Users/dato/Library/Python/3.9/lib/python/site-packages/telegram/_bot.py", line 641, in _do_post
    return await request.post(
  File "/Users/dato/Library/Python/3.9/lib/python/site-packages/telegram/request/_baserequest.py", line 200, in post
    result = await self._request_wrapper(
  File "/Users/dato/Library/Python/3.9/lib/python/site-packages/telegram/request/_baserequest.py", line 381, in _request_wrapper
    raise Conflict(message)
telegram.error.Conflict: Conflict: terminated by other getUpdates request; make sure that only one bot instance is running
